Loading Hash Cache File '/home/radmanxu/.bypy/bypy.hashcache.json'...
Hash Cache File loaded.
'/home/radmanxu/source/camera/cache/20170416231643.jpeg' ==> '/apps/bypy/2017-04-16/20170416231643.jpeg' OK.
removed '/home/radmanxu/source/camera/cache/20170416231643.jpeg'
Loading Hash Cache File '/home/radmanxu/.bypy/bypy.hashcache.json'...
Hash Cache File loaded.
'/home/radmanxu/source/camera/cache/20170416233201.jpeg' ==> '/apps/bypy/2017-04-16/20170416233201.jpeg' OK.
removed '/home/radmanxu/source/camera/cache/20170416233201.jpeg'
Loading Hash Cache File '/home/radmanxu/.bypy/bypy.hashcache.json'...
Hash Cache File loaded.
Signal 2 received, Abort
Skip saving Hash Cache since it has not been updated.
removed '/home/radmanxu/source/camera/cache/20170416233421.jpeg'
Loading Hash Cache File '/home/radmanxu/.bypy/bypy.hashcache.json'...
Hash Cache File loaded.
Signal 2 received, Abort
Skip saving Hash Cache since it has not been updated.
removed '/home/radmanxu/source/camera/cache/20170416233451.jpeg'
Loading Hash Cache File '/home/radmanxu/.bypy/bypy.hashcache.json'...
Hash Cache File loaded.
'/home/radmanxu/source/camera/cache/20170416233634.jpeg' ==> '/apps/bypy/2017-04-16/20170416233634.jpeg' OK.
removed '/home/radmanxu/source/camera/cache/20170416233634.jpeg'
20170416234402 I am detecting.
20170416234402 open the Light.
20170416234402 I have catched something!
Loading Hash Cache File '/home/radmanxu/.bypy/bypy.hashcache.json'...
Hash Cache File loaded.
<E> [23:44:03] Error accessing 'https://c.pcs.baidu.com/rest/2.0/pcs/file'
<E> [23:44:03] Function: __upload_one_file_act
<E> [23:44:03] Website parameters: {u'path': u'/apps/bypy/2017-04-16/20170416234402.jpeg', u'ondup': u'overwrite', u'method': u'upload'}
<E> [23:44:03] Waiting 10 seconds before retrying...
<E> [23:44:13] Request Try #2 / 5
<I> [23:44:14] Local file and remote file sizes DON'T match
<E> [23:44:14] '/home/radmanxu/source/camera/cache/20170416234402.jpeg' ==> '/apps/bypy/2017-04-16/20170416234402.jpeg' FAILED.
removed '/home/radmanxu/source/camera/cache/20170416234402.jpeg'
20170416234416 I am detecting.
20170416234416 open the Light.
20170416234416 I have catched something!
Loading Hash Cache File '/home/radmanxu/.bypy/bypy.hashcache.json'...
Hash Cache File loaded.
'/home/radmanxu/source/camera/cache/20170416234416.jpeg' ==> '/apps/bypy/2017-04-16/20170416234416.jpeg' OK.
removed '/home/radmanxu/source/camera/cache/20170416234416.jpeg'
20170416234421 I am detecting.
20170416234421 open the Light.
20170416234421 I have catched something!
Loading Hash Cache File '/home/radmanxu/.bypy/bypy.hashcache.json'...
Hash Cache File loaded.
<E> [23:44:22] Error accessing 'https://c.pcs.baidu.com/rest/2.0/pcs/file'
<E> [23:44:22] Function: __upload_one_file_act
<E> [23:44:22] Website parameters: {u'path': u'/apps/bypy/2017-04-16/20170416234421.jpeg', u'ondup': u'overwrite', u'method': u'upload'}
<E> [23:44:22] Waiting 10 seconds before retrying...
<E> [23:44:32] Request Try #2 / 5
<I> [23:44:34] Local file and remote file sizes DON'T match
<E> [23:44:34] '/home/radmanxu/source/camera/cache/20170416234421.jpeg' ==> '/apps/bypy/2017-04-16/20170416234421.jpeg' FAILED.
removed '/home/radmanxu/source/camera/cache/20170416234421.jpeg'
20170416234436 I am detecting.
20170416234436 open the Light.
20170416234436 I have catched something!
Loading Hash Cache File '/home/radmanxu/.bypy/bypy.hashcache.json'...
Hash Cache File loaded.
'/home/radmanxu/source/camera/cache/20170416234436.jpeg' ==> '/apps/bypy/2017-04-16/20170416234436.jpeg' OK.
removed '/home/radmanxu/source/camera/cache/20170416234436.jpeg'
20170416234442 I am detecting.
20170416234442 open the Light.
20170416234442 I have catched something!
Loading Hash Cache File '/home/radmanxu/.bypy/bypy.hashcache.json'...
Hash Cache File loaded.
<E> [23:44:43] Error accessing 'https://c.pcs.baidu.com/rest/2.0/pcs/file'
<E> [23:44:43] Function: __upload_one_file_act
<E> [23:44:43] Website parameters: {u'path': u'/apps/bypy/2017-04-16/20170416234442.jpeg', u'ondup': u'overwrite', u'method': u'upload'}
<E> [23:44:43] Waiting 10 seconds before retrying...
<E> [23:44:53] Request Try #2 / 5
<I> [23:44:54] Local file and remote file sizes DON'T match
<E> [23:44:54] '/home/radmanxu/source/camera/cache/20170416234442.jpeg' ==> '/apps/bypy/2017-04-16/20170416234442.jpeg' FAILED.
removed '/home/radmanxu/source/camera/cache/20170416234442.jpeg'
20170416234456 I am detecting.
20170416234456 open the Light.
20170416234456 I have catched something!
Loading Hash Cache File '/home/radmanxu/.bypy/bypy.hashcache.json'...
Hash Cache File loaded.
'/home/radmanxu/source/camera/cache/20170416234456.jpeg' ==> '/apps/bypy/2017-04-16/20170416234456.jpeg' OK.
removed '/home/radmanxu/source/camera/cache/20170416234456.jpeg'
20170416234501 I am detecting.
20170416234501 open the Light.
20170416234501 I have catched something!
Loading Hash Cache File '/home/radmanxu/.bypy/bypy.hashcache.json'...
Hash Cache File loaded.
'/home/radmanxu/source/camera/cache/20170416234501.jpeg' ==> '/apps/bypy/2017-04-16/20170416234501.jpeg' OK.
removed '/home/radmanxu/source/camera/cache/20170416234501.jpeg'
20170416234506 I am detecting.
20170416234506 open the Light.
20170416234506 I have catched something!
Loading Hash Cache File '/home/radmanxu/.bypy/bypy.hashcache.json'...
Hash Cache File loaded.
'/home/radmanxu/source/camera/cache/20170416234506.jpeg' ==> '/apps/bypy/2017-04-16/20170416234506.jpeg' OK.
removed '/home/radmanxu/source/camera/cache/20170416234506.jpeg'
20170416234511 I am detecting.
20170416234511 open the Light.
20170416234511 I have catched something!
Loading Hash Cache File '/home/radmanxu/.bypy/bypy.hashcache.json'...
Hash Cache File loaded.
'/home/radmanxu/source/camera/cache/20170416234511.jpeg' ==> '/apps/bypy/2017-04-16/20170416234511.jpeg' OK.
removed '/home/radmanxu/source/camera/cache/20170416234511.jpeg'
20170416234517 I am detecting.
20170416234517 open the Light.
20170416234517 I have catched something!
Loading Hash Cache File '/home/radmanxu/.bypy/bypy.hashcache.json'...
Hash Cache File loaded.
'/home/radmanxu/source/camera/cache/20170416234517.jpeg' ==> '/apps/bypy/2017-04-16/20170416234517.jpeg' OK.
removed '/home/radmanxu/source/camera/cache/20170416234517.jpeg'
20170416234636 I am detecting.
20170416234636 I am detecting.
20170416234636 I am detecting.
20170416234636 I am detecting.
20170416234636 I am detecting.
20170416234636 I am detecting.
20170416234636 I am detecting.
20170416234636 I am detecting.
20170416234636 I am detecting.
20170416234636 I am detecting.
20170416234636 I am detecting.
20170416234636 I am detecting.
20170416234636 I am detecting.
20170416234636 I am detecting.
20170416234636 I am detecting.
20170416234636 I am detecting.
20170416234636 I am detecting.
20170416234636 I am detecting.
20170416234636 I am detecting.
20170416234636 I am detecting.
20170416234636 I am detecting.
20170416234636 I am detecting.
20170416234636 I am detecting.
20170416234636 I am detecting.
20170416234637 I am detecting.
20170416234637 I am detecting.
20170416234637 I am detecting.
20170416234637 I am detecting.
20170416234637 I am detecting.
20170416234637 I am detecting.
20170416234637 I am detecting.
20170416234637 I am detecting.
20170416234637 I am detecting.
20170416234637 I am detecting.
20170416234637 I am detecting.
20170416234637 I am detecting.
20170416234637 I am detecting.
20170416234637 I am detecting.
20170416234637 I am detecting.
20170416234637 I am detecting.
20170416234637 I am detecting.
20170416234637 I am detecting.
20170416234637 I am detecting.
20170416234637 I am detecting.
20170416234637 I am detecting.
20170416234637 I am detecting.
20170416234637 I am detecting.
20170416234637 I am detecting.
20170416234637 I am detecting.
20170416234637 I am detecting.
20170416234637 I am detecting.
20170416234637 I am detecting.
20170416234637 I am detecting.
20170416234637 I am detecting.
20170416234637 I am detecting.
20170416234637 I am detecting.
20170416234637 I am detecting.
20170416234637 I am detecting.
20170416234637 I am detecting.
20170416234637 I am detecting.
20170416234637 I am detecting.
20170416234637 I am detecting.
20170416234637 I am detecting.
20170416234637 I am detecting.
20170416234637 I am detecting.
20170416234637 I am detecting.
20170416234637 I am detecting.
20170416234637 I am detecting.
20170416234637 I am detecting.
20170416234637 I am detecting.
20170416234637 I am detecting.
20170416234637 I am detecting.
20170416234637 I am detecting.
20170416234637 I am detecting.
20170416234637 I am detecting.
20170416234637 I am detecting.
20170416234637 I am detecting.
20170416234637 I am detecting.
20170416234637 I am detecting.
20170416234637 I am detecting.
20170416234637 I am detecting.
20170416234637 I am detecting.
20170416234637 I am detecting.
20170416234637 I am detecting.
20170416234637 I am detecting.
20170416234637 I am detecting.
20170416234637 I am detecting.
20170416234637 I am detecting.
20170416234637 I am detecting.
20170416234637 I am detecting.
20170416234637 I am detecting.
20170416234637 I am detecting.
20170416234637 I am detecting.
20170416234637 I am detecting.
20170416234637 I am detecting.
20170416234637 I am detecting.
20170416234637 I am detecting.
20170416234637 I am detecting.
20170416234637 I am detecting.
20170416234637 I am detecting.
20170416234637 I am detecting.
20170416234637 I am detecting.
20170416234637 I am detecting.
20170416234637 I am detecting.
20170416234637 I am detecting.
20170416234637 I am detecting.
20170416234638 I am detecting.
20170416234638 I am detecting.
20170416234638 I am detecting.
20170416234638 I am detecting.
20170416234638 I am detecting.
20170416234638 I am detecting.
20170416234638 I am detecting.
20170416234638 I am detecting.
20170416234638 I am detecting.
20170416234638 I am detecting.
20170416234638 I am detecting.
20170416234638 I am detecting.
20170416234638 I am detecting.
20170416234638 I am detecting.
20170416234638 I am detecting.
20170416234638 I am detecting.
20170416234638 I am detecting.
20170416234638 I am detecting.
20170416234638 I am detecting.
20170416234638 I am detecting.
20170416234638 I am detecting.
20170416234638 I am detecting.
20170416234638 I am detecting.
20170416234638 I am detecting.
20170416234638 I am detecting.
20170416234638 I am detecting.
20170416234638 I am detecting.
20170416234638 I am detecting.
20170416234638 I am detecting.
20170416234638 I am detecting.
20170416234638 I am detecting.
20170416234638 I am detecting.
20170416234638 I am detecting.
20170416234638 I am detecting.
20170416234638 I am detecting.
20170416234638 I am detecting.
20170416234638 I am detecting.
20170416234638 I am detecting.
20170416234638 I am detecting.
20170416234638 I am detecting.
20170416234638 I am detecting.
20170416234638 I am detecting.
20170416234638 I am detecting.
20170416234638 I am detecting.
20170416234638 I am detecting.
20170416234638 I am detecting.
20170416234638 I am detecting.
20170416234638 I am detecting.
20170416234638 I am detecting.
20170416234638 I am detecting.
20170416234638 I am detecting.
20170416234638 I am detecting.
20170416234638 I am detecting.
20170416234638 I am detecting.
20170416234638 I am detecting.
20170416234638 I am detecting.
20170416234638 I am detecting.
20170416234638 I am detecting.
20170416234638 I am detecting.
20170416234638 I am detecting.
20170416234638 I am detecting.
20170416234638 I am detecting.
20170416234638 I am detecting.
20170416234638 I am detecting.
20170416234638 I am detecting.
20170416234638 I am detecting.
20170416234638 I am detecting.
20170416234638 I am detecting.
20170416234638 I am detecting.
20170416234638 I am detecting.
20170416234638 I am detecting.
20170416234638 I am detecting.
20170416234638 I am detecting.
20170416234638 I am detecting.
20170416234638 I am detecting.
20170416234638 I am detecting.
20170416234638 I am detecting.
20170416234638 I am detecting.
20170416234638 I am detecting.
20170416234638 I am detecting.
20170416234638 I am detecting.
20170416234638 I am detecting.
20170416234639 I am detecting.
20170416234639 I am detecting.
20170416234639 I am detecting.
20170416234639 I am detecting.
20170416234639 I am detecting.
20170416234639 I am detecting.
20170416234639 I am detecting.
20170416234639 I am detecting.
20170416234639 I am detecting.
20170416234639 I am detecting.
20170416234639 I am detecting.
20170416234639 I am detecting.
20170416234639 I am detecting.
20170416234639 I am detecting.
20170416234639 I am detecting.
20170416234639 I am detecting.
20170416234639 I am detecting.
20170416234639 I am detecting.
20170416234639 I am detecting.
20170416234639 I am detecting.
20170416234639 I am detecting.
20170416234639 I am detecting.
20170416234639 I am detecting.
20170416234639 I am detecting.
20170416234639 I am detecting.
20170416234639 I am detecting.
20170416234639 I am detecting.
20170416234639 I am detecting.
20170416234639 I am detecting.
20170416234639 I am detecting.
20170416234639 I am detecting.
20170416234639 I am detecting.
20170416234639 I am detecting.
20170416234639 I am detecting.
20170416234639 I am detecting.
20170416234639 I am detecting.
20170416234639 I am detecting.
20170416234639 I am detecting.
20170416234639 I am detecting.
20170416234639 I am detecting.
20170416234639 I am detecting.
20170416234639 I am detecting.
20170416234639 I am detecting.
20170416234639 I am detecting.
20170416234639 I am detecting.
20170416234639 I am detecting.
20170416234639 I am detecting.
20170416234639 I am detecting.
20170416234639 I am detecting.
20170416234639 I am detecting.
20170416234639 I am detecting.
20170416234639 I am detecting.
20170416234639 I am detecting.
20170416234639 I am detecting.
20170416234639 I am detecting.
20170416234639 I am detecting.
20170416234639 I am detecting.
20170416234639 I am detecting.
20170416234639 I am detecting.
20170416234639 I am detecting.
20170416234639 I am detecting.
20170416234639 I am detecting.
20170416234639 I am detecting.
20170416234639 I am detecting.
20170416234639 I am detecting.
20170416234639 I am detecting.
20170416234639 I am detecting.
20170416234639 I am detecting.
20170416234639 I am detecting.
20170416234639 I am detecting.
20170416234639 I am detecting.
20170416234639 I am detecting.
20170416234639 I am detecting.
20170416234639 I am detecting.
20170416234639 I am detecting.
20170416234639 I am detecting.
20170416234639 I am detecting.
20170416234639 I am detecting.
20170416234639 I am detecting.
20170416234639 I am detecting.
20170416234639 I am detecting.
20170416234639 I am detecting.
20170416234639 I am detecting.
20170416234640 I am detecting.
20170416234640 I am detecting.
20170416234640 I am detecting.
20170416234640 I am detecting.
20170416234640 I am detecting.
20170416234640 I am detecting.
20170416234640 I am detecting.
20170416234640 I am detecting.
20170416234640 I am detecting.
20170416234640 I am detecting.
20170416234640 I am detecting.
20170416234640 I am detecting.
20170416234640 I am detecting.
20170416234640 I am detecting.
20170416234640 I am detecting.
20170416234640 I am detecting.
20170416234640 I am detecting.
20170416234640 I am detecting.
20170416234640 I am detecting.
20170416234640 I am detecting.
20170416234640 I am detecting.
20170416234640 I am detecting.
20170416234640 I am detecting.
20170416234640 I am detecting.
20170416234640 I am detecting.
20170416234640 I am detecting.
20170416234640 I am detecting.
20170416234640 I am detecting.
20170416234640 I am detecting.
20170416234640 I am detecting.
20170416234640 I am detecting.
20170416234640 I am detecting.
20170416234640 I am detecting.
20170416234640 I am detecting.
20170416234640 I am detecting.
20170416234640 I am detecting.
20170416234640 I am detecting.
20170416234640 I am detecting.
20170416234640 I am detecting.
20170416234640 I am detecting.
20170416234640 I am detecting.
20170416234640 I am detecting.
20170416234640 I am detecting.
20170416234640 I am detecting.
20170416234640 I am detecting.
20170416234640 I am detecting.
20170416234640 I am detecting.
20170416234640 I am detecting.
20170416234640 I am detecting.
20170416234640 I am detecting.
20170416234640 I am detecting.
20170416234640 I am detecting.
20170416234640 I am detecting.
20170416234640 I am detecting.
20170416234640 I am detecting.
20170416234640 I am detecting.
20170416234640 I am detecting.
20170416234640 I am detecting.
20170416234640 I am detecting.
20170416234640 I am detecting.
20170416234640 I am detecting.
20170416234640 I am detecting.
20170416234640 I am detecting.
20170416234640 I am detecting.
20170416234640 I am detecting.
20170416234640 I am detecting.
20170416234640 I am detecting.
20170416234640 I am detecting.
20170416234640 I am detecting.
20170416234640 I am detecting.
20170416234640 I am detecting.
20170416234640 I am detecting.
20170416234640 I am detecting.
20170416234640 I am detecting.
20170416234640 I am detecting.
20170416234640 I am detecting.
20170416234640 I am detecting.
20170416234640 I am detecting.
20170416234640 I am detecting.
20170416234640 I am detecting.
20170416234640 I am detecting.
20170416234640 I am detecting.
20170416234641 I am detecting.
20170416234641 I am detecting.
20170416234641 I am detecting.
20170416234641 I am detecting.
20170416234641 I am detecting.
20170416234641 I am detecting.
20170416234641 I am detecting.
20170416234641 I am detecting.
20170416234641 I am detecting.
20170416234641 I am detecting.
20170416234641 I am detecting.
20170416234641 I am detecting.
20170416234641 I am detecting.
20170416234641 I am detecting.
20170416234641 I am detecting.
20170416234641 I am detecting.
20170416234641 I am detecting.
20170416234641 I am detecting.
20170416234641 I am detecting.
20170416234641 I am detecting.
20170416234641 I am detecting.
20170416234641 I am detecting.
20170416234641 I am detecting.
20170416234641 I am detecting.
20170416234641 I am detecting.
20170416234641 I am detecting.
20170416234641 I am detecting.
20170416234641 I am detecting.
20170416234641 I am detecting.
20170416234641 I am detecting.
20170416234641 I am detecting.
20170416234641 I am detecting.
20170416234641 I am detecting.
20170416234641 I am detecting.
20170416234641 I am detecting.
20170416234641 I am detecting.
20170416234641 I am detecting.
20170416234641 I am detecting.
20170416234641 I am detecting.
20170416234641 I am detecting.
20170416234641 I am detecting.
20170416234641 I am detecting.
20170416234641 I am detecting.
20170416234641 I am detecting.
20170416234641 I am detecting.
20170416234641 I am detecting.
20170416234641 I am detecting.
20170416234641 I am detecting.
20170416234641 I am detecting.
20170416234641 I am detecting.
20170416234641 I am detecting.
20170416234641 I am detecting.
20170416234641 I am detecting.
20170416234641 I am detecting.
20170416234641 I am detecting.
20170416234641 I am detecting.
20170416234641 I am detecting.
20170416234641 open the Light.
20170416234641 I have catched something!
Loading Hash Cache File '/home/radmanxu/.bypy/bypy.hashcache.json'...
Hash Cache File loaded.
'/home/radmanxu/source/camera/cache/20170416234641.jpeg' ==> '/apps/bypy/2017-04-16/20170416234641.jpeg' OK.
removed '/home/radmanxu/source/camera/cache/20170416234641.jpeg'
20170416234647 I am detecting.
20170416234647 open the Light.
20170416234647 I have catched something!
Loading Hash Cache File '/home/radmanxu/.bypy/bypy.hashcache.json'...
Hash Cache File loaded.
'/home/radmanxu/source/camera/cache/20170416234647.jpeg' ==> '/apps/bypy/2017-04-16/20170416234647.jpeg' OK.
20170416234733 I am detecting.
20170416234733 I am detecting.
20170416234733 I am detecting.
20170416234733 I am detecting.
20170416234733 I am detecting.
20170416234733 I am detecting.
20170416234733 I am detecting.
20170416234733 I am detecting.
20170416234733 I am detecting.
20170416234733 I am detecting.
20170416234733 I am detecting.
20170416234733 I am detecting.
20170416234733 I am detecting.
20170416234733 I am detecting.
20170416234733 I am detecting.
20170416234733 I am detecting.
20170416234733 I am detecting.
20170416234733 I am detecting.
20170416234733 I am detecting.
20170416234733 I am detecting.
20170416234733 I am detecting.
20170416234733 I am detecting.
20170416234733 I am detecting.
20170416234733 I am detecting.
20170416234733 I am detecting.
20170416234733 I am detecting.
20170416234733 I am detecting.
20170416234733 I am detecting.
20170416234733 I am detecting.
20170416234733 I am detecting.
20170416234733 I am detecting.
20170416234733 I am detecting.
20170416234733 I am detecting.
20170416234733 I am detecting.
20170416234733 I am detecting.
20170416234733 I am detecting.
20170416234733 I am detecting.
20170416234733 I am detecting.
20170416234733 I am detecting.
20170416234733 I am detecting.
20170416234733 I am detecting.
20170416234733 I am detecting.
20170416234733 I am detecting.
20170416234733 I am detecting.
20170416234733 I am detecting.
20170416234733 I am detecting.
20170416234733 I am detecting.
20170416234733 I am detecting.
20170416234733 I am detecting.
20170416234733 I am detecting.
20170416234733 I am detecting.
20170416234733 I am detecting.
20170416234733 I am detecting.
20170416234733 I am detecting.
20170416234733 I am detecting.
20170416234733 I am detecting.
20170416234733 I am detecting.
20170416234733 I am detecting.
20170416234733 I am detecting.
20170416234733 I am detecting.
20170416234733 I am detecting.
20170416234733 I am detecting.
20170416234733 I am detecting.
20170416234733 I am detecting.
20170416234733 I am detecting.
20170416234733 I am detecting.
20170416234733 I am detecting.
20170416234733 I am detecting.
20170416234733 I am detecting.
20170416234733 I am detecting.
20170416234733 I am detecting.
20170416234733 I am detecting.
20170416234733 I am detecting.
20170416234734 I am detecting.
20170416234734 I am detecting.
20170416234734 I am detecting.
20170416234734 I am detecting.
20170416234734 I am detecting.
20170416234734 I am detecting.
20170416234734 I am detecting.
20170416234734 I am detecting.
20170416234734 I am detecting.
20170416234734 I am detecting.
20170416234734 I am detecting.
20170416234734 I am detecting.
20170416234734 I am detecting.
20170416234734 I am detecting.
20170416234734 I am detecting.
20170416234734 I am detecting.
20170416234734 I am detecting.
20170416234734 I am detecting.
20170416234734 I am detecting.
20170416234734 I am detecting.
20170416234734 I am detecting.
20170416234734 I am detecting.
20170416234734 I am detecting.
20170416234734 I am detecting.
20170416234734 I am detecting.
20170416234734 I am detecting.
20170416234734 I am detecting.
20170416234734 I am detecting.
20170416234734 I am detecting.
20170416234734 I am detecting.
20170416234734 I am detecting.
20170416234734 I am detecting.
20170416234734 I am detecting.
20170416234734 I am detecting.
20170416234734 I am detecting.
20170416234734 I am detecting.
20170416234734 I am detecting.
20170416234734 I am detecting.
20170416234734 I am detecting.
20170416234734 I am detecting.
20170416234734 I am detecting.
20170416234734 I am detecting.
20170416234734 I am detecting.
20170416234734 I am detecting.
20170416234734 I am detecting.
20170416234734 I am detecting.
20170416234734 I am detecting.
20170416234734 I am detecting.
20170416234734 I am detecting.
20170416234734 I am detecting.
20170416234734 I am detecting.
20170416234734 I am detecting.
20170416234734 I am detecting.
20170416234734 I am detecting.
20170416234734 I am detecting.
20170416234734 I am detecting.
20170416234734 I am detecting.
20170416234734 I am detecting.
20170416234734 I am detecting.
20170416234734 I am detecting.
20170416234734 I am detecting.
20170416234734 I am detecting.
20170416234734 I am detecting.
20170416234734 I am detecting.
20170416234734 I am detecting.
20170416234734 I am detecting.
20170416234734 I am detecting.
20170416234734 I am detecting.
20170416234734 I am detecting.
20170416234734 I am detecting.
20170416234734 I am detecting.
20170416234734 I am detecting.
20170416234734 I am detecting.
20170416234734 I am detecting.
20170416234734 I am detecting.
20170416234734 I am detecting.
20170416234734 I am detecting.
20170416234734 I am detecting.
20170416234734 I am detecting.
20170416234734 I am detecting.
20170416234734 I am detecting.
20170416234734 I am detecting.
20170416234734 I am detecting.
20170416234734 I am detecting.
20170416234735 I am detecting.
20170416234735 I am detecting.
20170416234735 I am detecting.
20170416234735 I am detecting.
20170416234735 I am detecting.
20170416234735 I am detecting.
20170416234735 I am detecting.
20170416234735 I am detecting.
20170416234735 I am detecting.
20170416234735 I am detecting.
20170416234735 I am detecting.
20170416234735 I am detecting.
20170416234735 I am detecting.
20170416234735 I am detecting.
20170416234735 I am detecting.
20170416234735 I am detecting.
20170416234735 I am detecting.
20170416234735 I am detecting.
20170416234735 I am detecting.
20170416234735 I am detecting.
20170416234735 I am detecting.
20170416234735 I am detecting.
20170416234735 I am detecting.
20170416234735 I am detecting.
20170416234735 I am detecting.
20170416234735 I am detecting.
20170416234735 I am detecting.
20170416234735 I am detecting.
20170416234735 I am detecting.
20170416234735 I am detecting.
20170416234735 I am detecting.
20170416234735 I am detecting.
20170416234735 I am detecting.
20170416234735 I am detecting.
20170416234735 I am detecting.
20170416234735 I am detecting.
20170416234735 I am detecting.
20170416234735 I am detecting.
20170416234735 I am detecting.
20170416234735 I am detecting.
20170416234735 I am detecting.
20170416234735 I am detecting.
20170416234735 I am detecting.
20170416234735 I am detecting.
20170416234735 I am detecting.
20170416234735 I am detecting.
20170416234735 I am detecting.
20170416234735 I am detecting.
20170416234735 I am detecting.
20170416234735 I am detecting.
20170416234735 I am detecting.
20170416234735 I am detecting.
20170416234735 I am detecting.
20170416234735 I am detecting.
20170416234735 I am detecting.
20170416234735 I am detecting.
20170416234735 I am detecting.
20170416234735 I am detecting.
20170416234735 I am detecting.
20170416234735 I am detecting.
20170416234735 I am detecting.
20170416234735 I am detecting.
20170416234735 I am detecting.
20170416234735 I am detecting.
20170416234735 I am detecting.
20170416234735 open the Light.
20170416234735 I have catched something!
Loading Hash Cache File '/home/radmanxu/.bypy/bypy.hashcache.json'...
Hash Cache File loaded.
<E> [23:47:37] Error accessing 'https://pcs.baidu.com/rest/2.0/pcs/file'
<E> [23:47:37] Function: __get_file_info_act
<E> [23:47:37] Website parameters: {u'path': u'/apps/bypy/home/radmanxu/source/camera/cache', u'order': u'asc', u'method': u'list', u'by': u'name'}
<E> [23:47:37] Full URL: https://pcs.baidu.com/rest/2.0/pcs/file?access_token=21.6229f1e39fab217307498127f7b60aea.2592000.1493739049.3660371558-1572671&path=%2Fapps%2Fbypy%2Fhome%2Fradmanxu%2Fsource%2Fcamera%2Fcache&by=name&order=asc&method=list
<E> [23:47:37] HTTP Response Status Code: 404
<E> [23:47:37] Error JSON returned:{u'error_code': 31066, u'error_msg': u'file does not exist', u'request_id': 2458239990894219787L}
Error code: 31066
Error Description: file does not exist
<E> [23:47:37] Website returned: {"error_code":31066,"error_msg":"file does not exist","request_id":2458239990894219787}
RapidUpload: '/home/radmanxu/source/camera/cache/20170416234647.jpeg' =R=> '/apps/bypy/home/radmanxu/source/camera/cache/20170416234735.jpeg' OK.
removed '/home/radmanxu/source/camera/cache/20170416234647.jpeg'
removed '/home/radmanxu/source/camera/cache/20170416234735.jpeg'
20170416234740 I am detecting.
20170416234740 open the Light.
20170416234740 I have catched something!
Loading Hash Cache File '/home/radmanxu/.bypy/bypy.hashcache.json'...
Hash Cache File loaded.
Signal 15 received, Abort
Saving Hash Cache...
Hash Cache saved.
20170416235004 I am detecting.
20170416235004 I am detecting.
20170416235004 I am detecting.
20170416235004 I am detecting.
20170416235004 I am detecting.
20170416235004 I am detecting.
20170416235004 I am detecting.
20170416235004 I am detecting.
20170416235004 I am detecting.
20170416235004 I am detecting.
20170416235004 I am detecting.
20170416235004 I am detecting.
20170416235004 I am detecting.
20170416235004 I am detecting.
20170416235004 I am detecting.
20170416235004 I am detecting.
20170416235004 I am detecting.
20170416235004 I am detecting.
20170416235004 I am detecting.
20170416235004 I am detecting.
20170416235004 I am detecting.
20170416235004 I am detecting.
20170416235004 I am detecting.
20170416235004 I am detecting.
20170416235004 I am detecting.
20170416235004 I am detecting.
20170416235004 I am detecting.
20170416235004 I am detecting.
20170416235004 I am detecting.
20170416235004 I am detecting.
20170416235004 I am detecting.
20170416235004 I am detecting.
20170416235004 I am detecting.
20170416235004 I am detecting.
20170416235004 I am detecting.
20170416235004 I am detecting.
20170416235004 I am detecting.
20170416235004 I am detecting.
20170416235004 I am detecting.
20170416235004 I am detecting.
20170416235004 I am detecting.
20170416235004 I am detecting.
20170416235004 I am detecting.
20170416235004 I am detecting.
20170416235004 I am detecting.
20170416235004 I am detecting.
20170416235004 I am detecting.
20170416235004 I am detecting.
20170416235004 I am detecting.
20170416235004 I am detecting.
20170416235004 I am detecting.
20170416235004 I am detecting.
20170416235004 I am detecting.
20170416235004 I am detecting.
20170416235004 I am detecting.
20170416235004 I am detecting.
20170416235004 I am detecting.
20170416235004 I am detecting.
20170416235004 I am detecting.
20170416235004 I am detecting.
20170416235004 I am detecting.
20170416235004 I am detecting.
20170416235004 I am detecting.
20170416235004 I am detecting.
20170416235004 I am detecting.
20170416235004 I am detecting.
20170416235005 I am detecting.
20170416235005 I am detecting.
20170416235005 I am detecting.
20170416235005 I am detecting.
20170416235005 I am detecting.
20170416235005 I am detecting.
20170416235005 I am detecting.
20170416235005 I am detecting.
20170416235005 I am detecting.
20170416235005 I am detecting.
20170416235005 I am detecting.
20170416235005 I am detecting.
20170416235005 I am detecting.
20170416235005 I am detecting.
20170416235005 I am detecting.
20170416235005 I am detecting.
20170416235005 I am detecting.
20170416235005 I am detecting.
20170416235005 I am detecting.
20170416235005 I am detecting.
20170416235005 I am detecting.
20170416235005 I am detecting.
20170416235005 I am detecting.
20170416235005 I am detecting.
20170416235005 I am detecting.
20170416235005 I am detecting.
20170416235005 I am detecting.
20170416235005 I am detecting.
20170416235005 I am detecting.
20170416235005 I am detecting.
20170416235005 I am detecting.
20170416235005 I am detecting.
20170416235005 I am detecting.
20170416235005 I am detecting.
20170416235005 I am detecting.
20170416235005 I am detecting.
20170416235005 I am detecting.
20170416235005 I am detecting.
20170416235005 I am detecting.
20170416235005 I am detecting.
20170416235005 I am detecting.
20170416235005 I am detecting.
20170416235005 I am detecting.
20170416235005 I am detecting.
20170416235005 I am detecting.
20170416235005 I am detecting.
20170416235005 I am detecting.
20170416235005 I am detecting.
20170416235005 I am detecting.
20170416235005 I am detecting.
20170416235005 I am detecting.
20170416235005 I am detecting.
20170416235005 I am detecting.
20170416235005 I am detecting.
20170416235005 I am detecting.
20170416235005 I am detecting.
20170416235005 I am detecting.
20170416235005 I am detecting.
20170416235005 I am detecting.
20170416235005 I am detecting.
20170416235005 I am detecting.
20170416235005 I am detecting.
20170416235005 I am detecting.
20170416235005 I am detecting.
20170416235005 I am detecting.
20170416235005 I am detecting.
20170416235005 I am detecting.
20170416235005 I am detecting.
20170416235005 I am detecting.
20170416235005 I am detecting.
20170416235005 I am detecting.
20170416235005 I am detecting.
20170416235005 I am detecting.
20170416235005 I am detecting.
20170416235005 I am detecting.
20170416235005 I am detecting.
20170416235005 I am detecting.
20170416235005 I am detecting.
20170416235005 I am detecting.
20170416235005 I am detecting.
20170416235005 I am detecting.
20170416235005 I am detecting.
20170416235006 I am detecting.
20170416235006 I am detecting.
20170416235006 I am detecting.
20170416235006 I am detecting.
20170416235006 I am detecting.
20170416235006 I am detecting.
20170416235006 I am detecting.
20170416235006 I am detecting.
20170416235006 I am detecting.
20170416235006 I am detecting.
20170416235006 I am detecting.
20170416235006 I am detecting.
20170416235006 I am detecting.
20170416235006 I am detecting.
20170416235006 I am detecting.
20170416235006 I am detecting.
20170416235006 I am detecting.
20170416235006 I am detecting.
20170416235006 I am detecting.
20170416235006 I am detecting.
20170416235006 I am detecting.
20170416235006 I am detecting.
20170416235006 I am detecting.
20170416235006 I am detecting.
20170416235006 I am detecting.
20170416235006 I am detecting.
20170416235006 I am detecting.
20170416235006 I am detecting.
20170416235006 I am detecting.
20170416235006 I am detecting.
20170416235006 I am detecting.
20170416235006 I am detecting.
20170416235006 I am detecting.
20170416235006 I am detecting.
20170416235006 I am detecting.
20170416235006 I am detecting.
20170416235006 I am detecting.
20170416235006 I am detecting.
20170416235006 I am detecting.
20170416235006 I am detecting.
20170416235006 I am detecting.
20170416235006 I am detecting.
20170416235006 I am detecting.
20170416235006 I am detecting.
20170416235006 I am detecting.
20170416235006 I am detecting.
20170416235006 I am detecting.
20170416235006 I am detecting.
20170416235006 I am detecting.
20170416235006 I am detecting.
20170416235006 I am detecting.
20170416235006 I am detecting.
20170416235006 I am detecting.
20170416235006 I am detecting.
20170416235006 I am detecting.
20170416235006 I am detecting.
20170416235006 I am detecting.
20170416235006 I am detecting.
20170416235006 I am detecting.
20170416235006 I am detecting.
20170416235006 I am detecting.
20170416235006 I am detecting.
20170416235006 I am detecting.
20170416235006 I am detecting.
20170416235006 I am detecting.
20170416235006 I am detecting.
20170416235006 I am detecting.
20170416235006 I am detecting.
20170416235006 I am detecting.
20170416235006 I am detecting.
20170416235006 I am detecting.
20170416235006 I am detecting.
20170416235006 I am detecting.
20170416235006 I am detecting.
20170416235006 I am detecting.
20170416235006 I am detecting.
20170416235006 I am detecting.
20170416235006 I am detecting.
20170416235006 I am detecting.
20170416235006 I am detecting.
20170416235006 I am detecting.
20170416235006 I am detecting.
20170416235007 I am detecting.
20170416235007 I am detecting.
20170416235007 I am detecting.
20170416235007 I am detecting.
20170416235007 I am detecting.
20170416235007 I am detecting.
20170416235007 I am detecting.
20170416235007 I am detecting.
20170416235007 I am detecting.
20170416235007 I am detecting.
20170416235007 I am detecting.
20170416235007 I am detecting.
20170416235007 I am detecting.
20170416235007 I am detecting.
20170416235007 I am detecting.
20170416235007 I am detecting.
20170416235007 I am detecting.
20170416235007 I am detecting.
20170416235007 I am detecting.
20170416235007 I am detecting.
20170416235007 I am detecting.
20170416235007 I am detecting.
20170416235007 I am detecting.
20170416235007 I am detecting.
20170416235007 I am detecting.
20170416235007 I am detecting.
20170416235007 I am detecting.
20170416235007 I am detecting.
20170416235007 I am detecting.
20170416235007 I am detecting.
20170416235007 I am detecting.
20170416235007 I am detecting.
20170416235007 I am detecting.
20170416235007 I am detecting.
20170416235007 I am detecting.
20170416235007 I am detecting.
20170416235007 I am detecting.
20170416235007 I am detecting.
20170416235007 I am detecting.
20170416235007 I am detecting.
20170416235007 I am detecting.
20170416235007 I am detecting.
20170416235007 I am detecting.
20170416235007 I am detecting.
20170416235007 I am detecting.
20170416235007 I am detecting.
20170416235007 I am detecting.
20170416235007 I am detecting.
20170416235007 I am detecting.
20170416235007 I am detecting.
20170416235007 I am detecting.
20170416235007 I am detecting.
20170416235007 I am detecting.
20170416235007 I am detecting.
20170416235007 I am detecting.
20170416235007 I am detecting.
20170416235007 I am detecting.
20170416235007 I am detecting.
20170416235007 I am detecting.
20170416235007 I am detecting.
20170416235007 I am detecting.
20170416235007 I am detecting.
20170416235007 I am detecting.
20170416235007 I am detecting.
20170416235007 I am detecting.
20170416235007 I am detecting.
20170416235007 I am detecting.
20170416235007 I am detecting.
20170416235007 I am detecting.
20170416235007 I am detecting.
20170416235007 I am detecting.
20170416235007 I am detecting.
20170416235007 I am detecting.
20170416235007 I am detecting.
20170416235007 I am detecting.
20170416235007 I am detecting.
20170416235007 I am detecting.
20170416235007 I am detecting.
20170416235007 I am detecting.
20170416235007 I am detecting.
20170416235007 I am detecting.
20170416235007 I am detecting.
20170416235007 I am detecting.
20170416235008 I am detecting.
20170416235008 I am detecting.
20170416235008 I am detecting.
20170416235008 I am detecting.
20170416235008 I am detecting.
20170416235008 I am detecting.
20170416235008 I am detecting.
20170416235008 I am detecting.
20170416235008 I am detecting.
20170416235008 I am detecting.
20170416235008 I am detecting.
20170416235008 I am detecting.
20170416235008 I am detecting.
20170416235008 I am detecting.
20170416235008 I am detecting.
20170416235008 I am detecting.
20170416235008 I am detecting.
20170416235008 I am detecting.
20170416235008 I am detecting.
20170416235008 I am detecting.
20170416235008 I am detecting.
20170416235008 I am detecting.
20170416235008 I am detecting.
20170416235008 I am detecting.
20170416235008 I am detecting.
20170416235008 I am detecting.
20170416235008 I am detecting.
20170416235008 I am detecting.
20170416235008 I am detecting.
20170416235008 I am detecting.
20170416235008 I am detecting.
20170416235008 I am detecting.
20170416235008 I am detecting.
20170416235008 I am detecting.
20170416235008 I am detecting.
20170416235008 I am detecting.
20170416235008 I am detecting.
20170416235008 I am detecting.
20170416235008 I am detecting.
20170416235008 I am detecting.
20170416235008 I am detecting.
20170416235008 I am detecting.
20170416235008 I am detecting.
20170416235008 I am detecting.
20170416235008 I am detecting.
20170416235008 I am detecting.
20170416235008 I am detecting.
20170416235008 I am detecting.
20170416235008 I am detecting.
20170416235008 I am detecting.
20170416235008 I am detecting.
20170416235008 I am detecting.
20170416235008 open the Light.
20170416235008 I have catched something!
Loading Hash Cache File '/home/radmanxu/.bypy/bypy.hashcache.json'...
Hash Cache File loaded.
RapidUpload: '/home/radmanxu/source/camera/cache/20170416234740.jpeg' =R=> '/apps/bypy/home/radmanxu/source/camera/cache/20170416235008.jpeg' OK.
removed '/home/radmanxu/source/camera/cache/20170416234740.jpeg'
removed '/home/radmanxu/source/camera/cache/20170416235008.jpeg'
20170416235012 I am detecting.
20170416235012 open the Light.
20170416235012 I have catched something!
Loading Hash Cache File '/home/radmanxu/.bypy/bypy.hashcache.json'...
Hash Cache File loaded.
'/home/radmanxu/source/camera/cache/20170416235013.jpeg' ==> '/apps/bypy/2017-04-16/20170416235013.jpeg' OK.
removed '/home/radmanxu/source/camera/cache/20170416235013.jpeg'
20170416235018 I am detecting.
20170416235018 open the Light.
20170416235018 I have catched something!
Loading Hash Cache File '/home/radmanxu/.bypy/bypy.hashcache.json'...
Hash Cache File loaded.
'/home/radmanxu/source/camera/cache/20170416235018.jpeg' ==> '/apps/bypy/2017-04-16/20170416235018.jpeg' OK.
removed '/home/radmanxu/source/camera/cache/20170416235018.jpeg'
20170416235023 I am detecting.
20170416235023 open the Light.
20170416235023 I have catched something!
Loading Hash Cache File '/home/radmanxu/.bypy/bypy.hashcache.json'...
Hash Cache File loaded.
'/home/radmanxu/source/camera/cache/20170416235023.jpeg' ==> '/apps/bypy/2017-04-16/20170416235023.jpeg' OK.
removed '/home/radmanxu/source/camera/cache/20170416235023.jpeg'
20170416235028 I am detecting.
20170416235028 open the Light.
20170416235028 I have catched something!
Loading Hash Cache File '/home/radmanxu/.bypy/bypy.hashcache.json'...
Hash Cache File loaded.
'/home/radmanxu/source/camera/cache/20170416235028.jpeg' ==> '/apps/bypy/2017-04-16/20170416235028.jpeg' OK.
removed '/home/radmanxu/source/camera/cache/20170416235028.jpeg'
20170416235658 I am detecting.
20170416235658 I am detecting.
20170416235658 I am detecting.
20170416235658 I am detecting.
20170416235658 I am detecting.
20170416235658 I am detecting.
20170416235658 I am detecting.
20170416235658 I am detecting.
20170416235658 I am detecting.
20170416235658 I am detecting.
20170416235658 I am detecting.
20170416235658 I am detecting.
20170416235658 I am detecting.
20170416235658 I am detecting.
20170416235658 I am detecting.
20170416235658 I am detecting.
20170416235658 I am detecting.
20170416235658 I am detecting.
20170416235658 I am detecting.
20170416235658 I am detecting.
20170416235658 I am detecting.
20170416235658 I am detecting.
20170416235658 I am detecting.
20170416235658 I am detecting.
20170416235658 I am detecting.
20170416235658 I am detecting.
20170416235658 I am detecting.
20170416235658 I am detecting.
20170416235658 I am detecting.
20170416235658 I am detecting.
20170416235658 I am detecting.
20170416235658 I am detecting.
20170416235658 I am detecting.
20170416235658 I am detecting.
20170416235658 I am detecting.
20170416235658 I am detecting.
20170416235658 I am detecting.
20170416235659 I am detecting.
20170416235659 I am detecting.
20170416235659 I am detecting.
20170416235659 I am detecting.
20170416235659 I am detecting.
20170416235659 I am detecting.
20170416235659 I am detecting.
20170416235659 I am detecting.
20170416235659 I am detecting.
20170416235659 I am detecting.
20170416235659 I am detecting.
20170416235659 I am detecting.
20170416235659 I am detecting.
20170416235659 I am detecting.
20170416235659 I am detecting.
20170416235659 I am detecting.
20170416235659 I am detecting.
20170416235659 I am detecting.
20170416235659 I am detecting.
20170416235659 I am detecting.
20170416235659 I am detecting.
20170416235659 I am detecting.
20170416235659 I am detecting.
20170416235659 I am detecting.
20170416235659 I am detecting.
20170416235659 I am detecting.
20170416235659 I am detecting.
20170416235659 I am detecting.
20170416235659 I am detecting.
20170416235659 I am detecting.
20170416235659 I am detecting.
20170416235659 I am detecting.
20170416235659 I am detecting.
20170416235659 I am detecting.
20170416235659 I am detecting.
20170416235659 I am detecting.
20170416235659 I am detecting.
20170416235659 I am detecting.
20170416235659 I am detecting.
20170416235659 I am detecting.
20170416235659 I am detecting.
20170416235659 I am detecting.
20170416235659 I am detecting.
20170416235659 I am detecting.
20170416235659 I am detecting.
20170416235659 I am detecting.
20170416235659 I am detecting.
20170416235659 I am detecting.
20170416235659 I am detecting.
20170416235659 I am detecting.
20170416235659 I am detecting.
20170416235659 I am detecting.
20170416235659 I am detecting.
20170416235659 I am detecting.
20170416235659 I am detecting.
20170416235659 I am detecting.
20170416235659 I am detecting.
20170416235659 I am detecting.
20170416235659 I am detecting.
20170416235659 I am detecting.
20170416235659 I am detecting.
20170416235659 I am detecting.
20170416235659 I am detecting.
20170416235659 I am detecting.
20170416235659 I am detecting.
20170416235659 I am detecting.
20170416235659 I am detecting.
20170416235659 I am detecting.
20170416235659 I am detecting.
20170416235659 I am detecting.
20170416235659 I am detecting.
20170416235659 I am detecting.
20170416235659 I am detecting.
20170416235659 I am detecting.
20170416235659 I am detecting.
20170416235659 I am detecting.
20170416235659 I am detecting.
20170416235659 I am detecting.
20170416235659 I am detecting.
20170416235659 I am detecting.
20170416235659 I am detecting.
20170416235659 I am detecting.
20170416235659 I am detecting.
20170416235700 I am detecting.
20170416235700 I am detecting.
20170416235700 I am detecting.
20170416235700 I am detecting.
20170416235700 I am detecting.
20170416235700 I am detecting.
20170416235700 I am detecting.
20170416235700 I am detecting.
20170416235700 I am detecting.
20170416235700 I am detecting.
20170416235700 I am detecting.
20170416235700 I am detecting.
20170416235700 I am detecting.
20170416235700 I am detecting.
20170416235700 I am detecting.
20170416235700 I am detecting.
20170416235700 I am detecting.
20170416235700 I am detecting.
20170416235700 I am detecting.
20170416235700 I am detecting.
20170416235700 I am detecting.
20170416235700 I am detecting.
20170416235700 I am detecting.
20170416235700 I am detecting.
20170416235700 I am detecting.
20170416235700 I am detecting.
20170416235700 I am detecting.
20170416235700 I am detecting.
20170416235700 I am detecting.
20170416235700 I am detecting.
20170416235700 I am detecting.
20170416235700 I am detecting.
20170416235700 I am detecting.
20170416235700 I am detecting.
20170416235700 I am detecting.
20170416235700 I am detecting.
20170416235700 I am detecting.
20170416235700 I am detecting.
20170416235700 I am detecting.
20170416235700 I am detecting.
20170416235700 I am detecting.
20170416235700 I am detecting.
20170416235700 I am detecting.
20170416235700 I am detecting.
20170416235700 I am detecting.
20170416235700 I am detecting.
20170416235700 I am detecting.
20170416235700 I am detecting.
20170416235700 I am detecting.
20170416235700 I am detecting.
20170416235700 I am detecting.
20170416235700 I am detecting.
20170416235700 I am detecting.
20170416235700 I am detecting.
20170416235700 I am detecting.
20170416235700 I am detecting.
20170416235700 I am detecting.
20170416235700 I am detecting.
20170416235700 I am detecting.
20170416235700 I am detecting.
20170416235700 I am detecting.
20170416235700 I am detecting.
20170416235700 I am detecting.
20170416235700 I am detecting.
20170416235700 I am detecting.
20170416235700 I am detecting.
20170416235700 I am detecting.
20170416235700 I am detecting.
20170416235700 I am detecting.
20170416235700 I am detecting.
20170416235700 I am detecting.
20170416235700 I am detecting.
20170416235700 I am detecting.
20170416235700 I am detecting.
20170416235700 I am detecting.
20170416235700 I am detecting.
20170416235700 I am detecting.
20170416235700 I am detecting.
20170416235700 I am detecting.
20170416235700 I am detecting.
20170416235700 I am detecting.
20170416235700 I am detecting.
20170416235701 I am detecting.
20170416235701 I am detecting.
20170416235701 I am detecting.
20170416235701 I am detecting.
20170416235701 I am detecting.
20170416235701 I am detecting.
20170416235701 I am detecting.
20170416235701 I am detecting.
20170416235701 I am detecting.
20170416235701 I am detecting.
20170416235701 I am detecting.
20170416235701 I am detecting.
20170416235701 I am detecting.
20170416235701 I am detecting.
20170416235701 I am detecting.
20170416235701 I am detecting.
20170416235701 I am detecting.
20170416235701 I am detecting.
20170416235701 I am detecting.
20170416235701 I am detecting.
20170416235701 I am detecting.
20170416235701 I am detecting.
20170416235701 I am detecting.
20170416235701 I am detecting.
20170416235701 I am detecting.
20170416235701 I am detecting.
20170416235701 I am detecting.
20170416235701 I am detecting.
20170416235701 I am detecting.
20170416235701 I am detecting.
20170416235701 I am detecting.
20170416235701 I am detecting.
20170416235701 I am detecting.
20170416235701 I am detecting.
20170416235701 I am detecting.
20170416235701 I am detecting.
20170416235701 I am detecting.
20170416235701 I am detecting.
20170416235701 I am detecting.
20170416235701 I am detecting.
20170416235701 I am detecting.
20170416235701 I am detecting.
20170416235701 I am detecting.
20170416235701 I am detecting.
20170416235701 I am detecting.
20170416235701 I am detecting.
20170416235701 I am detecting.
20170416235701 I am detecting.
20170416235701 I am detecting.
20170416235701 I am detecting.
20170416235701 I am detecting.
20170416235701 I am detecting.
20170416235701 I am detecting.
20170416235701 I am detecting.
20170416235701 I am detecting.
20170416235701 I am detecting.
20170416235701 I am detecting.
20170416235701 I am detecting.
20170416235701 I am detecting.
20170416235701 I am detecting.
20170416235701 I am detecting.
20170416235701 I am detecting.
20170416235701 I am detecting.
20170416235701 I am detecting.
20170416235701 I am detecting.
20170416235701 I am detecting.
20170416235701 I am detecting.
20170416235701 I am detecting.
20170416235701 I am detecting.
20170416235701 I am detecting.
20170416235701 I am detecting.
20170416235701 I am detecting.
20170416235701 I am detecting.
20170416235701 I am detecting.
20170416235701 I am detecting.
20170416235701 I am detecting.
20170416235701 I am detecting.
20170416235701 I am detecting.
20170416235702 I am detecting.
20170416235702 I am detecting.
20170416235702 I am detecting.
20170416235702 I am detecting.
20170416235702 I am detecting.
20170416235702 I am detecting.
20170416235702 I am detecting.
20170416235702 I am detecting.
20170416235702 I am detecting.
20170416235702 I am detecting.
20170416235702 I am detecting.
20170416235702 I am detecting.
20170416235702 I am detecting.
20170416235702 I am detecting.
20170416235702 I am detecting.
20170416235702 I am detecting.
20170416235702 I am detecting.
20170416235702 I am detecting.
20170416235702 I am detecting.
20170416235702 I am detecting.
20170416235702 I am detecting.
20170416235702 I am detecting.
20170416235702 I am detecting.
20170416235702 I am detecting.
20170416235702 I am detecting.
20170416235702 I am detecting.
20170416235702 I am detecting.
20170416235702 I am detecting.
20170416235702 I am detecting.
20170416235702 I am detecting.
20170416235702 I am detecting.
20170416235702 I am detecting.
20170416235702 I am detecting.
20170416235702 I am detecting.
20170416235702 I am detecting.
20170416235702 I am detecting.
20170416235702 I am detecting.
20170416235702 I am detecting.
20170416235702 I am detecting.
20170416235702 I am detecting.
20170416235702 I am detecting.
20170416235702 I am detecting.
20170416235702 I am detecting.
20170416235702 I am detecting.
20170416235702 I am detecting.
20170416235702 I am detecting.
20170416235702 I am detecting.
20170416235702 I am detecting.
20170416235702 I am detecting.
20170416235702 I am detecting.
20170416235702 I am detecting.
20170416235702 I am detecting.
20170416235702 I am detecting.
20170416235702 I am detecting.
20170416235702 I am detecting.
20170416235702 I am detecting.
20170416235702 I am detecting.
20170416235702 I am detecting.
20170416235702 I am detecting.
20170416235702 I am detecting.
20170416235702 I am detecting.
20170416235702 I am detecting.
20170416235702 I am detecting.
20170416235702 I am detecting.
20170416235702 I am detecting.
20170416235702 I am detecting.
20170416235702 I am detecting.
20170416235702 I am detecting.
20170416235702 I am detecting.
20170416235702 I am detecting.
20170416235702 I am detecting.
20170416235702 I am detecting.
20170416235702 I am detecting.
20170416235702 I am detecting.
20170416235702 I am detecting.
20170416235702 I am detecting.
20170416235702 I am detecting.
20170416235702 I am detecting.
20170416235702 I am detecting.
20170416235702 I am detecting.
20170416235702 I am detecting.
20170416235702 I am detecting.
20170416235702 I am detecting.
20170416235703 I am detecting.
20170416235703 I am detecting.
20170416235703 I am detecting.
20170416235703 I am detecting.
20170416235703 I am detecting.
20170416235703 I am detecting.
20170416235703 I am detecting.
20170416235703 I am detecting.
20170416235703 I am detecting.
20170416235703 I am detecting.
20170416235703 I am detecting.
20170416235703 I am detecting.
20170416235703 I am detecting.
20170416235703 I am detecting.
20170416235703 I am detecting.
20170416235703 I am detecting.
20170416235703 I am detecting.
20170416235703 I am detecting.
20170416235703 I am detecting.
20170416235703 I am detecting.
20170416235703 I am detecting.
20170416235703 I am detecting.
20170416235703 I am detecting.
20170416235703 I am detecting.
20170416235703 I am detecting.
20170416235703 I am detecting.
20170416235703 I am detecting.
20170416235703 I am detecting.
20170416235703 I am detecting.
20170416235703 I am detecting.
20170416235703 I am detecting.
20170416235703 I am detecting.
20170416235703 I am detecting.
20170416235703 I am detecting.
20170416235703 I am detecting.
20170416235703 I am detecting.
20170416235703 I am detecting.
20170416235703 I am detecting.
20170416235703 I am detecting.
20170416235703 I am detecting.
20170416235703 I am detecting.
20170416235703 I am detecting.
20170416235703 I am detecting.
20170416235703 I am detecting.
20170416235703 I am detecting.
20170416235703 I am detecting.
20170416235703 I am detecting.
20170416235703 I am detecting.
20170416235703 I am detecting.
20170416235703 I am detecting.
20170416235703 I am detecting.
20170416235703 I am detecting.
20170416235703 I am detecting.
20170416235703 I am detecting.
20170416235703 I am detecting.
20170416235703 I am detecting.
20170416235703 I am detecting.
20170416235703 I am detecting.
20170416235703 I am detecting.
20170416235703 I am detecting.
20170416235703 I am detecting.
20170416235703 I am detecting.
20170416235703 I am detecting.
20170416235703 I am detecting.
20170416235703 I am detecting.
20170416235703 I am detecting.
20170416235703 I am detecting.
20170416235703 I am detecting.
20170416235703 I am detecting.
20170416235703 I am detecting.
20170416235703 I am detecting.
20170416235703 I am detecting.
20170416235703 I am detecting.
20170416235703 I am detecting.
20170416235703 I am detecting.
20170416235703 I am detecting.
20170416235703 I am detecting.
20170416235703 I am detecting.
20170416235703 I am detecting.
20170416235703 I am detecting.
20170416235703 I am detecting.
20170416235703 I am detecting.
20170416235704 I am detecting.
20170416235704 I am detecting.
20170416235704 I am detecting.
20170416235704 I am detecting.
20170416235704 I am detecting.
20170416235704 I am detecting.
20170416235704 I am detecting.
20170416235704 I am detecting.
20170416235704 I am detecting.
20170416235704 I am detecting.
20170416235704 I am detecting.
20170416235704 I am detecting.
20170416235704 I am detecting.
20170416235704 I am detecting.
20170416235704 I am detecting.
20170416235704 I am detecting.
20170416235704 I am detecting.
20170416235704 I am detecting.
20170416235704 I am detecting.
20170416235704 I am detecting.
20170416235704 I am detecting.
20170416235704 I am detecting.
20170416235704 I am detecting.
20170416235704 I am detecting.
20170416235704 I am detecting.
20170416235704 I am detecting.
20170416235704 I am detecting.
20170416235704 I am detecting.
20170416235704 I am detecting.
20170416235704 I am detecting.
20170416235704 I am detecting.
20170416235704 I am detecting.
20170416235704 I am detecting.
20170416235704 I am detecting.
20170416235704 I am detecting.
20170416235704 I am detecting.
20170416235704 I am detecting.
20170416235704 I am detecting.
20170416235704 I am detecting.
20170416235704 I am detecting.
20170416235704 I am detecting.
20170416235704 I am detecting.
20170416235704 I am detecting.
20170416235704 I am detecting.
20170416235704 I am detecting.
20170416235704 I am detecting.
20170416235704 I am detecting.
20170416235704 I am detecting.
20170416235704 I am detecting.
20170416235704 I am detecting.
20170416235704 I am detecting.
20170416235704 I am detecting.
20170416235704 I am detecting.
20170416235704 I am detecting.
20170416235704 I am detecting.
20170416235704 I am detecting.
20170416235704 I am detecting.
20170416235704 I am detecting.
20170416235704 I am detecting.
20170416235704 I am detecting.
20170416235704 I am detecting.
20170416235704 I am detecting.
20170416235704 I am detecting.
20170416235704 I am detecting.
20170416235704 I am detecting.
20170416235704 I am detecting.
20170416235704 I am detecting.
20170416235704 I am detecting.
20170416235704 I am detecting.
20170416235704 I am detecting.
20170416235704 I am detecting.
20170416235704 I am detecting.
20170416235704 I am detecting.
20170416235704 I am detecting.
20170416235704 I am detecting.
20170416235704 I am detecting.
20170416235704 I am detecting.
20170416235704 I am detecting.
20170416235704 I am detecting.
20170416235704 I am detecting.
20170416235704 I am detecting.
20170416235704 I am detecting.
20170416235704 I am detecting.
20170416235705 I am detecting.
20170416235705 I am detecting.
20170416235705 I am detecting.
20170416235705 I am detecting.
20170416235705 I am detecting.
20170416235705 I am detecting.
20170416235705 I am detecting.
20170416235705 I am detecting.
20170416235705 I am detecting.
20170416235705 I am detecting.
20170416235705 I am detecting.
20170416235705 I am detecting.
20170416235705 I am detecting.
20170416235705 I am detecting.
20170416235705 I am detecting.
20170416235705 I am detecting.
20170416235705 I am detecting.
20170416235705 I am detecting.
20170416235705 I am detecting.
20170416235705 I am detecting.
20170416235705 I am detecting.
20170416235705 I am detecting.
20170416235705 I am detecting.
20170416235705 I am detecting.
20170416235705 I am detecting.
20170416235705 I am detecting.
20170416235705 I am detecting.
20170416235705 I am detecting.
20170416235705 I am detecting.
20170416235705 I am detecting.
20170416235705 I am detecting.
20170416235705 I am detecting.
20170416235705 I am detecting.
20170416235705 I am detecting.
20170416235705 I am detecting.
20170416235705 I am detecting.
20170416235705 I am detecting.
20170416235705 I am detecting.
20170416235705 I am detecting.
20170416235705 I am detecting.
20170416235705 I am detecting.
20170416235705 I am detecting.
20170416235705 I am detecting.
20170416235705 I am detecting.
20170416235705 I am detecting.
20170416235705 I am detecting.
20170416235705 I am detecting.
20170416235705 I am detecting.
20170416235705 I am detecting.
20170416235705 I am detecting.
20170416235705 I am detecting.
20170416235705 I am detecting.
20170416235705 I am detecting.
20170416235705 I am detecting.
20170416235705 I am detecting.
20170416235705 I am detecting.
20170416235705 I am detecting.
20170416235705 I am detecting.
20170416235705 I am detecting.
20170416235705 I am detecting.
20170416235705 I am detecting.
20170416235705 I am detecting.
20170416235705 I am detecting.
20170416235705 I am detecting.
20170416235705 I am detecting.
20170416235705 I am detecting.
20170416235705 I am detecting.
20170416235705 I am detecting.
20170416235705 I am detecting.
20170416235705 I am detecting.
20170416235705 I am detecting.
20170416235705 I am detecting.
20170416235705 I am detecting.
20170416235705 I am detecting.
20170416235705 I am detecting.
20170416235705 I am detecting.
20170416235705 I am detecting.
20170416235705 I am detecting.
20170416235705 I am detecting.
20170416235705 I am detecting.
20170416235705 I am detecting.
20170416235705 I am detecting.
20170416235705 I am detecting.
20170416235706 I am detecting.
20170416235706 I am detecting.
20170416235706 I am detecting.
20170416235706 I am detecting.
20170416235706 I am detecting.
20170416235706 I am detecting.
20170416235706 I am detecting.
20170416235706 I am detecting.
20170416235706 I am detecting.
20170416235706 I am detecting.
20170416235706 I am detecting.
20170416235706 I am detecting.
20170416235706 I am detecting.
20170416235706 I am detecting.
20170416235706 I am detecting.
20170416235706 I am detecting.
20170416235706 I am detecting.
20170416235706 I am detecting.
20170416235706 I am detecting.
20170416235706 I am detecting.
20170416235706 I am detecting.
20170416235706 I am detecting.
20170416235706 I am detecting.
20170416235706 I am detecting.
20170416235706 I am detecting.
20170416235706 I am detecting.
20170416235706 I am detecting.
20170416235706 I am detecting.
20170416235706 I am detecting.
20170416235706 I am detecting.
20170416235706 I am detecting.
20170416235706 I am detecting.
20170416235706 I am detecting.
20170416235706 I am detecting.
20170416235706 I am detecting.
20170416235706 I am detecting.
20170416235706 I am detecting.
20170416235706 I am detecting.
20170416235706 I am detecting.
20170416235706 I am detecting.
20170416235706 I am detecting.
20170416235706 I am detecting.
20170416235706 I am detecting.
20170416235706 I am detecting.
20170416235706 I am detecting.
20170416235706 I am detecting.
20170416235706 I am detecting.
20170416235706 I am detecting.
20170416235706 I am detecting.
20170416235706 I am detecting.
20170416235706 I am detecting.
20170416235706 I am detecting.
20170416235706 I am detecting.
20170416235706 I am detecting.
20170416235706 I am detecting.
20170416235706 I am detecting.
20170416235706 I am detecting.
20170416235706 I am detecting.
20170416235706 I am detecting.
20170416235706 I am detecting.
20170416235706 I am detecting.
20170416235706 I am detecting.
20170416235706 I am detecting.
20170416235706 I am detecting.
20170416235706 I am detecting.
20170416235706 I am detecting.
20170416235706 I am detecting.
20170416235706 I am detecting.
20170416235706 I am detecting.
20170416235706 I am detecting.
20170416235706 I am detecting.
20170416235706 I am detecting.
20170416235706 I am detecting.
20170416235706 I am detecting.
20170416235706 I am detecting.
20170416235706 I am detecting.
20170416235706 I am detecting.
20170416235706 I am detecting.
20170416235706 I am detecting.
20170416235706 I am detecting.
20170416235706 I am detecting.
20170416235706 I am detecting.
20170416235706 I am detecting.
20170416235706 I am detecting.
20170416235707 I am detecting.
20170416235707 I am detecting.
20170416235707 I am detecting.
20170416235707 I am detecting.
20170416235707 I am detecting.
20170416235707 I am detecting.
20170416235707 I am detecting.
20170416235707 I am detecting.
20170416235707 I am detecting.
20170416235707 I am detecting.
20170416235707 I am detecting.
20170416235707 I am detecting.
20170416235707 I am detecting.
20170416235707 I am detecting.
20170416235707 I am detecting.
20170416235707 I am detecting.
20170416235707 I am detecting.
20170416235707 I am detecting.
20170416235707 I am detecting.
20170416235707 I am detecting.
20170416235707 I am detecting.
20170416235707 I am detecting.
20170416235707 I am detecting.
20170416235707 I am detecting.
20170416235707 I am detecting.
20170416235707 I am detecting.
20170416235707 I am detecting.
20170416235707 I am detecting.
20170416235707 I am detecting.
20170416235707 I am detecting.
20170416235707 I am detecting.
20170416235707 I am detecting.
20170416235707 I am detecting.
20170416235707 I am detecting.
20170416235707 I am detecting.
20170416235707 I am detecting.
20170416235707 I am detecting.
20170416235707 I am detecting.
20170416235707 I am detecting.
20170416235707 I am detecting.
20170416235707 I am detecting.
20170416235707 I am detecting.
20170416235707 I am detecting.
20170416235707 I am detecting.
20170416235707 I am detecting.
20170416235707 I am detecting.
20170416235707 I am detecting.
20170416235707 I am detecting.
20170416235707 I am detecting.
20170416235707 I am detecting.
20170416235707 I am detecting.
20170416235707 I am detecting.
20170416235707 I am detecting.
20170416235707 I am detecting.
20170416235707 I am detecting.
20170416235707 I am detecting.
20170416235707 I am detecting.
20170416235707 I am detecting.
20170416235707 I am detecting.
20170416235707 I am detecting.
20170416235707 I am detecting.
20170416235707 I am detecting.
20170416235707 I am detecting.
20170416235707 I am detecting.
20170416235707 I am detecting.
20170416235707 I am detecting.
20170416235707 I am detecting.
20170416235707 I am detecting.
20170416235707 I am detecting.
20170416235707 I am detecting.
20170416235707 I am detecting.
20170416235707 I am detecting.
20170416235707 I am detecting.
20170416235707 I am detecting.
20170416235707 I am detecting.
20170416235707 I am detecting.
20170416235707 I am detecting.
20170416235707 I am detecting.
20170416235707 I am detecting.
20170416235707 I am detecting.
20170416235707 I am detecting.
20170416235707 I am detecting.
20170416235707 I am detecting.
20170416235708 I am detecting.
20170416235708 I am detecting.
20170416235708 I am detecting.
20170416235708 I am detecting.
20170416235708 I am detecting.
20170416235708 I am detecting.
20170416235708 I am detecting.
20170416235708 I am detecting.
20170416235708 I am detecting.
20170416235708 I am detecting.
20170416235708 I am detecting.
20170416235708 I am detecting.
20170416235708 I am detecting.
20170416235708 I am detecting.
20170416235708 I am detecting.
20170416235708 I am detecting.
20170416235708 I am detecting.
20170416235708 I am detecting.
20170416235708 I am detecting.
20170416235708 I am detecting.
20170416235708 I am detecting.
20170416235708 I am detecting.
20170416235708 I am detecting.
20170416235708 I am detecting.
20170416235708 I am detecting.
20170416235708 I am detecting.
20170416235708 I am detecting.
20170416235708 I am detecting.
20170416235708 I am detecting.
20170416235708 I am detecting.
20170416235708 I am detecting.
20170416235708 I am detecting.
20170416235708 I am detecting.
20170416235708 I am detecting.
20170416235708 I am detecting.
20170416235708 I am detecting.
20170416235708 I am detecting.
20170416235708 I am detecting.
20170416235708 I am detecting.
20170416235708 I am detecting.
20170416235708 I am detecting.
20170416235708 I am detecting.
20170416235708 I am detecting.
20170416235708 I am detecting.
20170416235708 I am detecting.
20170416235708 I am detecting.
20170416235708 I am detecting.
20170416235708 I am detecting.
20170416235708 I am detecting.
20170416235708 I am detecting.
20170416235708 I am detecting.
20170416235708 I am detecting.
20170416235708 I am detecting.
20170416235708 I am detecting.
20170416235708 I am detecting.
20170416235708 I am detecting.
20170416235708 I am detecting.
20170416235708 I am detecting.
20170416235708 I am detecting.
20170416235708 I am detecting.
20170416235708 I am detecting.
20170416235708 I am detecting.
20170416235708 I am detecting.
20170416235708 I am detecting.
20170416235708 I am detecting.
20170416235708 I am detecting.
20170416235708 open the Light.
20170416235708 I have catched something!
Loading Hash Cache File '/home/radmanxu/.bypy/bypy.hashcache.json'...
Hash Cache File loaded.
'/home/radmanxu/source/camera/cache/20170416235708.jpeg' ==> '/apps/bypy/2017-04-16/20170416235708.jpeg' OK.
removed '/home/radmanxu/source/camera/cache/20170416235708.jpeg'
20170416235713 I am detecting.
20170416235713 open the Light.
20170416235713 I have catched something!
Loading Hash Cache File '/home/radmanxu/.bypy/bypy.hashcache.json'...
Hash Cache File loaded.
'/home/radmanxu/source/camera/cache/20170416235714.jpeg' ==> '/apps/bypy/2017-04-16/20170416235714.jpeg' OK.
removed '/home/radmanxu/source/camera/cache/20170416235714.jpeg'
20170416235719 I am detecting.
20170416235719 I am detecting.
20170416235719 I am detecting.
20170416235719 I am detecting.
20170416235719 I am detecting.
20170416235719 I am detecting.
20170416235719 I am detecting.
20170416235719 I am detecting.
20170416235719 I am detecting.
20170416235719 I am detecting.
20170416235719 I am detecting.
20170416235719 I am detecting.
20170416235719 I am detecting.
20170416235719 I am detecting.
20170416235719 I am detecting.
20170416235719 I am detecting.
20170416235719 I am detecting.
20170416235719 I am detecting.
20170416235719 I am detecting.
20170416235719 I am detecting.
20170416235719 I am detecting.
20170416235719 I am detecting.
20170416235719 I am detecting.
20170416235719 I am detecting.
20170416235719 I am detecting.
20170416235719 I am detecting.
20170416235719 I am detecting.
20170416235719 I am detecting.
20170416235719 I am detecting.
20170416235719 I am detecting.
20170416235719 I am detecting.
20170416235719 I am detecting.
20170416235719 I am detecting.
20170416235719 I am detecting.
20170416235719 I am detecting.
20170416235719 I am detecting.
20170416235719 I am detecting.
20170416235719 I am detecting.
20170416235719 I am detecting.
20170416235719 I am detecting.
20170416235719 I am detecting.
20170416235719 I am detecting.
20170416235719 I am detecting.
20170416235719 I am detecting.
20170416235719 I am detecting.
20170416235719 I am detecting.
20170416235719 I am detecting.
20170416235719 I am detecting.
20170416235719 I am detecting.
20170416235719 I am detecting.
20170416235719 I am detecting.
20170416235719 I am detecting.
20170416235719 I am detecting.
20170416235719 I am detecting.
20170416235719 I am detecting.
20170416235719 I am detecting.
20170416235719 I am detecting.
20170416235719 I am detecting.
20170416235719 I am detecting.
20170416235719 I am detecting.
20170416235719 I am detecting.
20170416235719 I am detecting.
20170416235719 I am detecting.
20170416235719 I am detecting.
20170416235719 I am detecting.
20170416235719 open the Light.
20170416235720 I have catched something!
Loading Hash Cache File '/home/radmanxu/.bypy/bypy.hashcache.json'...
Hash Cache File loaded.
'/home/radmanxu/source/camera/cache/20170416235720.jpeg' ==> '/apps/bypy/2017-04-16/20170416235720.jpeg' OK.
removed '/home/radmanxu/source/camera/cache/20170416235720.jpeg'
20170416235725 I am detecting.
20170416235725 open the Light.
20170416235725 I have catched something!
Loading Hash Cache File '/home/radmanxu/.bypy/bypy.hashcache.json'...
Hash Cache File loaded.
'/home/radmanxu/source/camera/cache/20170416235725.jpeg' ==> '/apps/bypy/2017-04-16/20170416235725.jpeg' OK.
removed '/home/radmanxu/source/camera/cache/20170416235725.jpeg'
20170416235730 I am detecting.
20170416235730 I am detecting.
20170416235730 I am detecting.
20170416235730 I am detecting.
20170416235730 I am detecting.
20170416235730 I am detecting.
20170416235730 I am detecting.
20170416235730 I am detecting.
20170416235730 I am detecting.
20170416235730 I am detecting.
20170416235730 I am detecting.
20170416235730 I am detecting.
20170416235730 I am detecting.
20170416235730 I am detecting.
20170416235730 I am detecting.
20170416235730 I am detecting.
20170416235730 I am detecting.
20170416235730 I am detecting.
20170416235730 I am detecting.
20170416235730 I am detecting.
20170416235731 I am detecting.
20170416235731 I am detecting.
20170416235731 I am detecting.
20170416235731 I am detecting.
20170416235731 I am detecting.
20170416235731 I am detecting.
20170416235731 I am detecting.
20170416235731 I am detecting.
20170416235731 I am detecting.
20170416235731 I am detecting.
20170416235731 I am detecting.
20170416235731 I am detecting.
20170416235731 I am detecting.
20170416235731 I am detecting.
20170416235731 I am detecting.
20170416235731 I am detecting.
20170416235731 I am detecting.
20170416235731 I am detecting.
20170416235731 I am detecting.
20170416235731 I am detecting.
20170416235731 I am detecting.
20170416235731 I am detecting.
20170416235731 I am detecting.
20170416235731 I am detecting.
20170416235731 I am detecting.
20170416235731 I am detecting.
20170416235731 I am detecting.
20170416235731 I am detecting.
20170416235731 I am detecting.
20170416235731 I am detecting.
20170416235731 I am detecting.
20170416235731 I am detecting.
20170416235731 I am detecting.
20170416235731 I am detecting.
20170416235731 I am detecting.
20170416235731 I am detecting.
20170416235731 I am detecting.
20170416235731 I am detecting.
20170416235731 I am detecting.
20170416235731 I am detecting.
20170416235731 I am detecting.
20170416235731 I am detecting.
20170416235731 I am detecting.
20170416235731 I am detecting.
20170416235731 I am detecting.
20170416235731 I am detecting.
20170416235731 I am detecting.
20170416235731 I am detecting.
20170416235731 I am detecting.
20170416235731 I am detecting.
20170416235731 I am detecting.
20170416235731 I am detecting.
20170416235731 I am detecting.
20170416235731 I am detecting.
20170416235731 I am detecting.
20170416235731 I am detecting.
20170416235731 I am detecting.
20170416235731 I am detecting.
20170416235731 I am detecting.
20170416235731 I am detecting.
20170416235731 I am detecting.
20170416235731 I am detecting.
20170416235731 I am detecting.
20170416235731 I am detecting.
20170416235731 I am detecting.
20170416235731 I am detecting.
20170416235731 I am detecting.
20170416235731 I am detecting.
20170416235731 I am detecting.
20170416235731 I am detecting.
20170416235731 I am detecting.
20170416235731 I am detecting.
20170416235731 I am detecting.
20170416235731 I am detecting.
20170416235731 I am detecting.
20170416235731 I am detecting.
20170416235731 I am detecting.
20170416235731 I am detecting.
20170416235731 I am detecting.
20170416235731 I am detecting.
20170416235731 I am detecting.
20170416235731 I am detecting.
20170416235731 I am detecting.
20170416235732 I am detecting.
20170416235732 I am detecting.
20170416235732 I am detecting.
20170416235732 I am detecting.
20170416235732 I am detecting.
20170416235732 I am detecting.
20170416235732 I am detecting.
20170416235732 I am detecting.
20170416235732 I am detecting.
20170416235732 I am detecting.
20170416235732 I am detecting.
20170416235732 I am detecting.
20170416235732 I am detecting.
20170416235732 I am detecting.
20170416235732 I am detecting.
20170416235732 I am detecting.
20170416235732 I am detecting.
20170416235732 I am detecting.
20170416235732 I am detecting.
20170416235732 I am detecting.
20170416235732 I am detecting.
20170416235732 I am detecting.
20170416235732 I am detecting.
